<?xml version="1.0" encoding="UTF-8"?>
<!-- Generated by org.testng.reporters.JUnitReportReporter -->
<testsuite hostname="DESKTOP-HBPR2UE" failures="0" tests="1" name="pixel9a.Pixel_test" time="28.951" errors="0" timestamp="2025-10-17T15:36:38 IST" skipped="0">
  <testcase classname="pixel9a.Pixel_test" name="continueBTn" time="28.951"/>
</testsuite> <!-- pixel9a.Pixel_test -->
