<?xml version="1.0" encoding="UTF-8"?>
<!-- Generated by org.testng.reporters.JUnitReportReporter -->
<testsuite hostname="DESKTOP-HBPR2UE" failures="0" tests="1" name="pixel9a.Pixel9a_test" time="223.342" errors="0" timestamp="2025-10-22T11:53:01 IST" skipped="0">
  <testcase classname="pixel9a.Pixel9a_test" name="recBiz" time="223.342"/>
</testsuite> <!-- pixel9a.Pixel9a_test -->
