<?xml version="1.0" encoding="UTF-8"?>
<!-- Generated by org.testng.reporters.JUnitReportReporter -->
<testsuite hostname="DESKTOP-HBPR2UE" failures="0" tests="1" name="demo.Practice" time="0.552" errors="0" timestamp="2025-10-23T17:34:58 IST" skipped="0">
  <testcase classname="demo.Practice" name="reporting" time="0.552"/>
</testsuite> <!-- demo.Practice -->
