<?xml version="1.0" encoding="UTF-8"?>
<!-- Generated by org.testng.reporters.JUnitReportReporter -->
<testsuite hostname="DESKTOP-HBPR2UE" failures="0" tests="1" name="redmi.Demo_Test" time="14.817" errors="0" timestamp="2025-10-10T16:39:25 IST" skipped="0">
  <testcase classname="redmi.Demo_Test" name="redMi_Test" time="14.817"/>
</testsuite> <!-- redmi.Demo_Test -->
