<?xml version="1.0" encoding="UTF-8"?>
<!-- Generated by org.testng.reporters.JUnitReportReporter -->
<testsuite hostname="DESKTOP-HBPR2UE" failures="0" tests="2" name="howToInstallAndRemoveApp.Demo" time="11.294" errors="0" timestamp="2025-10-27T15:14:19 IST" skipped="0">
  <testcase classname="howToInstallAndRemoveApp.Demo" name="terminateApk" time="3.152"/>
  <testcase classname="howToInstallAndRemoveApp.Demo" name="installApk" time="8.142"/>
</testsuite> <!-- howToInstallAndRemoveApp.Demo -->
