<?xml version="1.0" encoding="UTF-8"?>
<!-- Generated by org.testng.reporters.JUnitReportReporter -->
<testsuite hostname="DESKTOP-HBPR2UE" failures="0" tests="1" name="calculator_Test.Calculator_Test" time="25.937" errors="0" timestamp="2025-10-27T09:39:53 IST" skipped="0">
  <testcase classname="calculator_Test.Calculator_Test" name="cal_Test" time="25.937"/>
</testsuite> <!-- calculator_Test.Calculator_Test -->
