<?xml version="1.0" encoding="UTF-8"?>
<!-- Generated by org.testng.reporters.JUnitReportReporter -->
<testsuite hostname="DESKTOP-HBPR2UE" failures="0" tests="1" name="pixel9a.Pixel9aCommunityProgram_Test" time="227.070" errors="0" timestamp="2025-10-22T18:07:38 IST" skipped="0">
  <testcase classname="pixel9a.Pixel9aCommunityProgram_Test" name="CommunityProgram_Test" time="227.070"/>
</testsuite> <!-- pixel9a.Pixel9aCommunityProgram_Test -->
